{"level":"info","message":"undefined - API Server Start At Port 3000","timestamp":"2022-05-08 18:12:51"}
{"level":"error","message":"example Query error\n: {\"message\":\"Query was empty\",\"code\":\"ER_EMPTY_QUERY\",\"errno\":1065,\"sqlState\":\"42000\",\"sqlMessage\":\"Query was empty\"}","timestamp":"2022-05-08 18:40:15"}
{"level":"info","message":"undefined - API Server Start At Port 3000","timestamp":"2022-05-08 18:43:09"}
{"level":"info","message":"undefined - API Server Start At Port 3000","timestamp":"2022-05-08 18:54:38"}
{"level":"info","message":"undefined - API Server Start At Port 3000","timestamp":"2022-05-08 18:58:40"}
{"level":"info","message":"undefined - API Server Start At Port 3000","timestamp":"2022-05-08 18:58:43"}
{"level":"info","message":"undefined - API Server Start At Port 3000","timestamp":"2022-05-08 19:00:25"}
{"level":"info","message":"undefined - API Server Start At Port 3000","timestamp":"2022-05-08 19:01:04"}
{"level":"info","message":"undefined - API Server Start At Port 3000","timestamp":"2022-05-08 19:01:23"}
{"level":"info","message":"undefined - API Server Start At Port 3000","timestamp":"2022-05-08 19:10:56"}
{"level":"info","message":"undefined - API Server Start At Port 3000","timestamp":"2022-05-08 19:13:52"}
{"level":"info","message":"undefined - API Server Start At Port 3000","timestamp":"2022-05-08 19:13:59"}
{"level":"info","message":"undefined - API Server Start At Port 3000","timestamp":"2022-05-08 19:14:13"}
{"level":"info","message":"undefined - API Server Start At Port 3000","timestamp":"2022-05-08 19:15:59"}
{"level":"info","message":"undefined - API Server Start At Port 3000","timestamp":"2022-05-08 19:16:03"}
{"level":"info","message":"undefined - API Server Start At Port 3000","timestamp":"2022-05-08 19:18:13"}
{"level":"info","message":"undefined - API Server Start At Port 3000","timestamp":"2022-05-08 19:18:29"}
{"level":"info","message":"undefined - API Server Start At Port 3000","timestamp":"2022-05-08 19:20:02"}
{"level":"info","message":"undefined - API Server Start At Port 3000","timestamp":"2022-05-08 19:21:18"}
{"level":"info","message":"undefined - API Server Start At Port 3000","timestamp":"2022-05-08 19:21:30"}
{"level":"info","message":"undefined - API Server Start At Port 3000","timestamp":"2022-05-08 19:21:40"}
{"level":"info","message":"undefined - API Server Start At Port 3000","timestamp":"2022-05-08 19:22:04"}
{"level":"info","message":"undefined - API Server Start At Port 3000","timestamp":"2022-05-08 19:23:08"}
{"level":"info","message":"undefined - API Server Start At Port 3000","timestamp":"2022-05-08 19:23:34"}
{"level":"info","message":"undefined - API Server Start At Port 3000","timestamp":"2022-05-08 19:23:42"}
{"level":"error","message":"readStudents Query error\n: {\"message\":\"Unknown column 'studentInx' in 'where clause'\",\"code\":\"ER_BAD_FIELD_ERROR\",\"errno\":1054,\"sql\":\"SELECT * FROM Students where studentInx = NULL;\",\"sqlState\":\"42S22\",\"sqlMessage\":\"Unknown column 'studentInx' in 'where clause'\"}","timestamp":"2022-05-08 19:24:12"}
{"level":"info","message":"undefined - API Server Start At Port 3000","timestamp":"2022-05-08 19:25:55"}
{"level":"info","message":"undefined - API Server Start At Port 3000","timestamp":"2022-05-08 19:27:25"}
{"level":"info","message":"undefined - API Server Start At Port 3000","timestamp":"2022-05-08 19:28:43"}
{"level":"info","message":"undefined - API Server Start At Port 3000","timestamp":"2022-05-08 19:28:58"}
{"level":"info","message":"undefined - API Server Start At Port 3000","timestamp":"2022-05-08 19:31:20"}
{"level":"info","message":"undefined - API Server Start At Port 3000","timestamp":"2022-05-08 19:31:33"}
{"level":"info","message":"undefined - API Server Start At Port 3000","timestamp":"2022-05-08 19:31:36"}
{"level":"info","message":"undefined - API Server Start At Port 3000","timestamp":"2022-05-08 19:35:01"}
{"level":"info","message":"undefined - API Server Start At Port 3000","timestamp":"2022-05-08 19:35:13"}
{"level":"info","message":"undefined - API Server Start At Port 3000","timestamp":"2022-05-08 19:39:11"}
{"level":"info","message":"undefined - API Server Start At Port 3000","timestamp":"2022-05-08 19:39:25"}
{"level":"info","message":"undefined - API Server Start At Port 3000","timestamp":"2022-05-08 19:41:01"}
{"level":"info","message":"undefined - API Server Start At Port 3000","timestamp":"2022-05-08 19:43:26"}
{"level":"info","message":"undefined - API Server Start At Port 3000","timestamp":"2022-05-08 19:44:25"}
{"level":"info","message":"undefined - API Server Start At Port 3000","timestamp":"2022-05-08 19:45:05"}
{"level":"info","message":"undefined - API Server Start At Port 3000","timestamp":"2022-05-08 19:45:43"}
{"level":"info","message":"undefined - API Server Start At Port 3000","timestamp":"2022-05-08 21:15:06"}
{"level":"info","message":"undefined - API Server Start At Port 3000","timestamp":"2022-05-08 21:20:00"}
{"level":"info","message":"undefined - API Server Start At Port 3000","timestamp":"2022-05-08 21:24:22"}
{"level":"info","message":"undefined - API Server Start At Port 3000","timestamp":"2022-05-08 21:24:44"}
{"level":"info","message":"undefined - API Server Start At Port 3000","timestamp":"2022-05-08 21:27:20"}
{"level":"info","message":"undefined - API Server Start At Port 3000","timestamp":"2022-05-08 21:28:31"}
{"level":"info","message":"undefined - API Server Start At Port 3000","timestamp":"2022-05-08 21:29:06"}
{"level":"info","message":"undefined - API Server Start At Port 3000","timestamp":"2022-05-08 21:33:03"}
{"level":"info","message":"undefined - API Server Start At Port 3000","timestamp":"2022-05-08 21:33:37"}
{"level":"info","message":"undefined - API Server Start At Port 3000","timestamp":"2022-05-08 21:33:49"}
{"level":"info","message":"undefined - API Server Start At Port 3000","timestamp":"2022-05-08 21:34:02"}
{"level":"info","message":"undefined - API Server Start At Port 3000","timestamp":"2022-05-08 21:34:40"}
{"level":"error","message":"createStudent Query error\n: {}","timestamp":"2022-05-08 21:35:57"}
{"level":"info","message":"undefined - API Server Start At Port 3000","timestamp":"2022-05-08 21:37:24"}
{"level":"info","message":"undefined - API Server Start At Port 3000","timestamp":"2022-05-08 21:39:59"}
{"level":"info","message":"undefined - API Server Start At Port 3000","timestamp":"2022-05-08 21:42:38"}
{"level":"info","message":"undefined - API Server Start At Port 3000","timestamp":"2022-05-08 21:42:39"}
{"level":"info","message":"undefined - API Server Start At Port 3000","timestamp":"2022-05-08 21:43:09"}
{"level":"info","message":"undefined - API Server Start At Port 3000","timestamp":"2022-05-08 21:43:14"}
{"level":"info","message":"undefined - API Server Start At Port 3000","timestamp":"2022-05-08 21:43:30"}
{"level":"info","message":"undefined - API Server Start At Port 3000","timestamp":"2022-05-08 21:44:38"}
{"level":"info","message":"undefined - API Server Start At Port 3000","timestamp":"2022-05-08 21:44:43"}
{"level":"info","message":"undefined - API Server Start At Port 3000","timestamp":"2022-05-08 21:44:53"}
{"level":"info","message":"undefined - API Server Start At Port 3000","timestamp":"2022-05-08 21:44:58"}
{"level":"info","message":"undefined - API Server Start At Port 3000","timestamp":"2022-05-08 21:45:41"}
{"level":"info","message":"undefined - API Server Start At Port 3000","timestamp":"2022-05-08 21:45:56"}
{"level":"info","message":"undefined - API Server Start At Port 3000","timestamp":"2022-05-08 21:46:08"}
{"level":"info","message":"undefined - API Server Start At Port 3000","timestamp":"2022-05-08 21:46:54"}
{"level":"info","message":"undefined - API Server Start At Port 3000","timestamp":"2022-05-08 21:47:28"}
{"level":"info","message":"undefined - API Server Start At Port 3000","timestamp":"2022-05-08 21:48:25"}
{"level":"info","message":"undefined - API Server Start At Port 3000","timestamp":"2022-05-08 21:49:21"}
{"level":"info","message":"undefined - API Server Start At Port 3000","timestamp":"2022-05-08 21:49:37"}
{"level":"error","message":"updateStudent Query error\n: {}","timestamp":"2022-05-08 21:50:36"}
{"level":"info","message":"undefined - API Server Start At Port 3000","timestamp":"2022-05-08 21:52:04"}
{"level":"error","message":"updateStudent Query error\n: {}","timestamp":"2022-05-08 21:52:12"}
{"level":"info","message":"undefined - API Server Start At Port 3000","timestamp":"2022-05-08 21:52:21"}
{"level":"info","message":"undefined - API Server Start At Port 3000","timestamp":"2022-05-08 21:56:05"}
{"level":"error","message":"updateStudent Query error\n: {}","timestamp":"2022-05-08 21:56:09"}
{"level":"info","message":"undefined - API Server Start At Port 3000","timestamp":"2022-05-08 21:56:26"}
{"level":"error","message":"updateStudent Query error\n: {}","timestamp":"2022-05-08 21:56:37"}
{"level":"info","message":"undefined - API Server Start At Port 3000","timestamp":"2022-05-08 21:57:28"}
{"level":"error","message":"updateStudent Query error\n: {}","timestamp":"2022-05-08 21:57:43"}
{"level":"info","message":"undefined - API Server Start At Port 3000","timestamp":"2022-05-08 21:58:31"}
{"level":"error","message":"updateStudent Query error\n: {}","timestamp":"2022-05-08 21:58:33"}
{"level":"info","message":"undefined - API Server Start At Port 3000","timestamp":"2022-05-08 21:58:39"}
{"level":"info","message":"undefined - API Server Start At Port 3000","timestamp":"2022-05-08 22:00:04"}
{"level":"info","message":"undefined - API Server Start At Port 3000","timestamp":"2022-05-08 22:01:44"}
{"level":"info","message":"undefined - API Server Start At Port 3000","timestamp":"2022-05-08 22:02:04"}
{"level":"info","message":"undefined - API Server Start At Port 3000","timestamp":"2022-05-08 22:10:40"}
{"level":"error","message":"updateStudent Query error\n: {\"message\":\"Incorrect parameter count in the call to native function 'ifnull'\",\"code\":\"ER_WRONG_PARAMCOUNT_TO_NATIVE_FCT\",\"errno\":1582,\"sql\":\"update Students set studentName = ifnull('김길동', studentName), major = ifnull(NULL major), birth = ifnull(NULL, birth), address = ifnull(NULL, address) where studentIdx = '3';\",\"sqlState\":\"42000\",\"sqlMessage\":\"Incorrect parameter count in the call to native function 'ifnull'\"}","timestamp":"2022-05-08 22:11:26"}
{"level":"info","message":"undefined - API Server Start At Port 3000","timestamp":"2022-05-08 22:15:37"}
{"level":"info","message":"undefined - API Server Start At Port 3000","timestamp":"2022-05-08 22:20:41"}
{"level":"info","message":"undefined - API Server Start At Port 3000","timestamp":"2022-05-08 22:20:46"}
{"level":"info","message":"undefined - API Server Start At Port 3000","timestamp":"2022-05-08 22:21:33"}
{"level":"info","message":"undefined - API Server Start At Port 3000","timestamp":"2022-05-08 22:22:02"}
{"level":"info","message":"undefined - API Server Start At Port 3000","timestamp":"2022-05-08 22:22:15"}
{"level":"info","message":"undefined - API Server Start At Port 3000","timestamp":"2022-05-08 22:22:23"}
{"level":"info","message":"undefined - API Server Start At Port 3000","timestamp":"2022-05-08 22:23:20"}
{"level":"info","message":"undefined - API Server Start At Port 3000","timestamp":"2022-05-08 22:24:49"}
{"level":"info","message":"undefined - API Server Start At Port 3000","timestamp":"2022-05-08 22:25:35"}
{"level":"info","message":"undefined - API Server Start At Port 3000","timestamp":"2022-05-08 22:26:49"}
{"level":"info","message":"undefined - API Server Start At Port 3000","timestamp":"2022-05-08 22:28:01"}
{"level":"info","message":"undefined - API Server Start At Port 3000","timestamp":"2022-05-08 22:32:56"}
{"level":"info","message":"undefined - API Server Start At Port 3000","timestamp":"2022-05-08 22:33:13"}
{"level":"info","message":"undefined - API Server Start At Port 3000","timestamp":"2022-05-08 23:05:46"}
{"level":"info","message":"undefined - API Server Start At Port 3000","timestamp":"2022-05-08 23:06:01"}
{"level":"info","message":"undefined - API Server Start At Port 3000","timestamp":"2022-05-08 23:06:11"}
{"level":"info","message":"undefined - API Server Start At Port 3000","timestamp":"2022-05-08 23:07:45"}
{"level":"info","message":"undefined - API Server Start At Port 3000","timestamp":"2022-05-08 23:10:00"}
{"level":"info","message":"undefined - API Server Start At Port 3000","timestamp":"2022-05-08 23:10:07"}
{"level":"info","message":"undefined - API Server Start At Port 3000","timestamp":"2022-05-08 23:10:31"}
{"level":"info","message":"undefined - API Server Start At Port 3000","timestamp":"2022-05-08 23:10:45"}
{"level":"info","message":"undefined - API Server Start At Port 3000","timestamp":"2022-05-08 23:11:02"}
{"level":"info","message":"undefined - API Server Start At Port 3000","timestamp":"2022-05-08 23:11:12"}
{"level":"info","message":"undefined - API Server Start At Port 3000","timestamp":"2022-05-08 23:14:48"}
{"level":"info","message":"undefined - API Server Start At Port 3000","timestamp":"2022-05-08 23:15:28"}
{"level":"info","message":"undefined - API Server Start At Port 3000","timestamp":"2022-05-08 23:15:30"}
{"level":"info","message":"undefined - API Server Start At Port 3000","timestamp":"2022-05-08 23:15:33"}
{"level":"info","message":"undefined - API Server Start At Port 3000","timestamp":"2022-05-08 23:15:44"}
{"level":"error","message":"readRestaurants Query error\n: {\"code\":\"ERR_HTTP_HEADERS_SENT\"}","timestamp":"2022-05-08 23:15:48"}
{"level":"info","message":"undefined - API Server Start At Port 3000","timestamp":"2022-05-08 23:16:04"}
{"level":"info","message":"undefined - API Server Start At Port 3000","timestamp":"2022-05-08 23:16:16"}
